<?xml version="1.0" encoding="UTF-8"?>
<!-- Generated by org.testng.reporters.JUnitReportReporter -->
<testsuite skipped="1" hostname="DESKTOP-47HIII8" name="TestRunner.Runner" tests="1" failures="0" timestamp="11 May 2021 13:23:05 GMT" time="0.000" errors="0">
  <testcase name="feature" time="0.000" classname="TestRunner.Runner">
    <skipped/>
  </testcase> <!-- feature -->
</testsuite> <!-- TestRunner.Runner -->
